#
# An unexpected error has been detected by HotSpot Virtual Machine:
#
#  EXCEPTION_INVALID_HANDLE (0xc0000008) at pc=0x7c964ed1, pid=3300, tid=3048
#
# Java VM: Java HotSpot(TM) Client VM (1.5.0_06-b05 mixed mode)
# Problematic frame:
# C  [ntdll.dll+0x64ed1]
#

---------------  T H R E A D  ---------------

Current thread (0x00a868c8):  JavaThread "Finalizer" daemon [_thread_in_native, id=3048]

siginfo: ExceptionCode=0xc0000008

Registers:
EAX=0x0ab4f64c, EBX=0x00000000, ECX=0x0ab4f698, EDX=0x7c90eb94
ESP=0x0ab4f64c, EBP=0x0ab4f69c, ESI=0x0adb8288, EDI=0x0adb829c
EIP=0x7c964ed1, EFLAGS=0x00000246

Top of Stack: (sp=0x0ab4f64c)
0x0ab4f64c:   c0000008 00000001 00000000 7c964ed1
0x0ab4f65c:   00000000 6d6d79f2 00000000 6d73f8ee
0x0ab4f66c:   00035338 6d6f073d 00b3affb 00a86eb8
0x0ab4f67c:   00a86988 6d748143 7c90d529 77d4a15c
0x0ab4f68c:   00000000 00000000 00000000 7c90e591
0x0ab4f69c:   0ab4f6a8 7c9424f6 c0000008 0ab4f6e4
0x0ab4f6ac:   7c90110a 0adb829c 6d0d7ce2 0adb829c
0x0ab4f6bc:   0adb8288 00a86988 6d0c9659 00a868c8 

Instructions: (pc=0x7c964ed1)
0x7c964ec1:   8d 45 b0 50 c7 45 b4 01 00 00 00 e8 db 9c fa ff
0x7c964ed1:   c9 c2 04 00 90 90 90 90 90 8b ff 55 8b ec 53 56 


Stack: [0x0ab10000,0x0ab50000),  sp=0x0ab4f64c,  free space=253k
Native frames: (J=compiled Java code, j=interpreted, Vv=VM code, C=native code)
C  [ntdll.dll+0x64ed1]
C  [ntdll.dll+0x424f6]
C  [ntdll.dll+0x110a]
j  java.awt.Cursor.finalizeImpl()V+0
j  java.awt.Cursor.finalize()V+7
v  ~StubRoutines::call_stub
V  [jvm.dll+0x845a9]
V  [jvm.dll+0xd9317]
V  [jvm.dll+0x8447a]
V  [jvm.dll+0x897cb]
C  [java.dll+0x2006]
j  java.lang.ref.Finalizer.runFinalizer()V+45
j  java.lang.ref.Finalizer.access$100(Ljava/lang/ref/Finalizer;)V+1
j  java.lang.ref.Finalizer$FinalizerThread.run()V+11
v  ~StubRoutines::call_stub
V  [jvm.dll+0x845a9]
V  [jvm.dll+0xd9317]
V  [jvm.dll+0x8447a]
V  [jvm.dll+0x841d7]
V  [jvm.dll+0x9ed69]
V  [jvm.dll+0x109fe3]
V  [jvm.dll+0x109fb1]
C  [MSVCRT.dll+0x2a3b0]
C  [kernel32.dll+0xb50b]

Java frames: (J=compiled Java code, j=interpreted, Vv=VM code)
j  java.awt.Cursor.finalizeImpl()V+0
j  java.awt.Cursor.finalize()V+7
v  ~StubRoutines::call_stub
j  java.lang.ref.Finalizer.invokeFinalizeMethod(Ljava/lang/Object;)V+0
j  java.lang.ref.Finalizer.runFinalizer()V+45
j  java.lang.ref.Finalizer.access$100(Ljava/lang/ref/Finalizer;)V+1
j  java.lang.ref.Finalizer$FinalizerThread.run()V+11
v  ~StubRoutines::call_stub

---------------  P R O C E S S  ---------------

Java Threads: ( => current thread )
  0x0adb7848 JavaThread "TimerQueue" daemon [_thread_blocked, id=2948]
  0x0acb9008 JavaThread "Image Fetcher 0" daemon [_thread_blocked, id=1396]
  0x0ac972b8 JavaThread "Java2D Disposer" daemon [_thread_blocked, id=2740]
  0x00035ec0 JavaThread "DestroyJavaVM" [_thread_blocked, id=384]
  0x0ac91808 JavaThread "AWT-EventQueue-0" [_thread_blocked, id=2732]
  0x0ac90460 JavaThread "AWT-Windows" daemon [_thread_in_native, id=256]
  0x00acfe78 JavaThread "AWT-Shutdown" [_thread_blocked, id=228]
  0x00a919a8 JavaThread "Low Memory Detector" daemon [_thread_blocked, id=772]
  0x00a90578 JavaThread "CompilerThread0" daemon [_thread_blocked, id=1012]
  0x00a8f960 JavaThread "Signal Dispatcher" daemon [_thread_blocked, id=2812]
=>0x00a868c8 JavaThread "Finalizer" daemon [_thread_in_native, id=3048]
  0x00a85430 JavaThread "Reference Handler" daemon [_thread_blocked, id=3892]

Other Threads:
  0x0003f568 VMThread [id=3928]
  0x00a92b88 WatcherThread [id=3700]

VM state:not at safepoint (normal execution)

VM Mutex/Monitor currently owned by a thread:  ([mutex/lock_event])
[0x00035698/0x000006dc] Heap_lock - owner thread: 0x0ac91808

Heap
 def new generation   total 576K, used 14K [0x02ad0000, 0x02b70000, 0x02fb0000)
  eden space 512K,   2% used [0x02ad0000, 0x02ad3a08, 0x02b50000)
  from space 64K,   0% used [0x02b50000, 0x02b50000, 0x02b60000)
  to   space 64K,   0% used [0x02b60000, 0x02b60000, 0x02b70000)
 tenured generation   total 4768K, used 2859K [0x02fb0000, 0x03458000, 0x06ad0000)
   the space 4768K,  59% used [0x02fb0000, 0x0327af98, 0x0327b000, 0x03458000)
 compacting perm gen  total 8192K, used 5433K [0x06ad0000, 0x072d0000, 0x0aad0000)
   the space 8192K,  66% used [0x06ad0000, 0x0701e6c8, 0x0701e800, 0x072d0000)
No shared spaces configured.

Dynamic libraries:
0x00400000 - 0x0040c000 	C:\WINDOWS\system32\java.exe
0x7c900000 - 0x7c9b0000 	C:\WINDOWS\system32\ntdll.dll
0x7c800000 - 0x7c8f4000 	C:\WINDOWS\system32\kernel32.dll
0x77dd0000 - 0x77e6b000 	C:\WINDOWS\system32\ADVAPI32.dll
0x77e70000 - 0x77f01000 	C:\WINDOWS\system32\RPCRT4.dll
0x77c10000 - 0x77c68000 	C:\WINDOWS\system32\MSVCRT.dll
0x6d670000 - 0x6d804000 	C:\Program Files\Java\jre1.5.0_06\bin\client\jvm.dll
0x77d40000 - 0x77dd0000 	C:\WINDOWS\system32\USER32.dll
0x77f10000 - 0x77f57000 	C:\WINDOWS\system32\GDI32.dll
0x76b40000 - 0x76b6d000 	C:\WINDOWS\system32\WINMM.dll
0x6d280000 - 0x6d288000 	C:\Program Files\Java\jre1.5.0_06\bin\hpi.dll
0x76bf0000 - 0x76bfb000 	C:\WINDOWS\system32\PSAPI.DLL
0x6d640000 - 0x6d64c000 	C:\Program Files\Java\jre1.5.0_06\bin\verify.dll
0x6d300000 - 0x6d31d000 	C:\Program Files\Java\jre1.5.0_06\bin\java.dll
0x6d660000 - 0x6d66f000 	C:\Program Files\Java\jre1.5.0_06\bin\zip.dll
0x6d000000 - 0x6d167000 	C:\Program Files\Java\jre1.5.0_06\bin\awt.dll
0x73000000 - 0x73026000 	C:\WINDOWS\system32\WINSPOOL.DRV
0x76390000 - 0x763ad000 	C:\WINDOWS\system32\IMM32.dll
0x774e0000 - 0x7761d000 	C:\WINDOWS\system32\ole32.dll
0x5ad70000 - 0x5ada8000 	C:\WINDOWS\system32\uxtheme.dll
0x73760000 - 0x737a9000 	C:\WINDOWS\system32\ddraw.dll
0x73bc0000 - 0x73bc6000 	C:\WINDOWS\system32\DCIMAN32.dll
0x73940000 - 0x73a10000 	C:\WINDOWS\system32\D3DIM700.DLL
0x74720000 - 0x7476b000 	C:\WINDOWS\system32\MSCTF.dll
0x63000000 - 0x63014000 	C:\WINDOWS\system32\SynTPFcs.dll
0x77c00000 - 0x77c08000 	C:\WINDOWS\system32\VERSION.dll
0x6d240000 - 0x6d27d000 	C:\Program Files\Java\jre1.5.0_06\bin\fontmanager.dll
0x7c9c0000 - 0x7d1d5000 	C:\WINDOWS\system32\shell32.dll
0x77f60000 - 0x77fd6000 	C:\WINDOWS\system32\SHLWAPI.dll
0x773d0000 - 0x774d2000 	C:\WINDOWS\WinSxS\x86_Microsoft.Windows.Common-Controls_6595b64144ccf1df_6.0.2600.2180_x-ww_a84f1ff9\comctl32.dll
0x5d090000 - 0x5d127000 	C:\WINDOWS\system32\comctl32.dll
0x6d4c0000 - 0x6d4d3000 	C:\Program Files\Java\jre1.5.0_06\bin\net.dll
0x71ab0000 - 0x71ac7000 	C:\WINDOWS\system32\WS2_32.dll
0x71aa0000 - 0x71aa8000 	C:\WINDOWS\system32\WS2HELP.dll
0x6d4e0000 - 0x6d4e9000 	C:\Program Files\Java\jre1.5.0_06\bin\nio.dll
0x6d3c0000 - 0x6d3df000 	C:\Program Files\Java\jre1.5.0_06\bin\jpeg.dll
0x605d0000 - 0x605d9000 	C:\WINDOWS\system32\mslbui.dll

VM Arguments:
java_command: JBioFramework
Launcher Type: SUN_STANDARD

Environment Variables:
CLASSPATH=.
PATH=C:\WINDOWS\system32;C:\WINDOWS;C:\WINDOWS\System32\Wbem;C:\Program Files\Common Files\Adaptec Shared\System;C:\Program Files\QuickTime\QTSystem\;C:\Program Files\Java\jdk1.5.0_06\bin; C:\j2sdk1.4.2_07\bin; C:\Documents and Settings\Jill Zapoticznyj\Desktop\jflex-1.4.1\bin;
USERNAME=Jill Zapoticznyj
OS=Windows_NT
PROCESSOR_IDENTIFIER=x86 Family 6 Model 11 Stepping 1, GenuineIntel



---------------  S Y S T E M  ---------------

OS: Windows XP Build 2600 Service Pack 2

CPU:total 1 family 6, cmov, cx8, fxsr, mmx, sse

Memory: 4k page, physical 261104k(63192k free), swap 640860k(368164k free)

vm_info: Java HotSpot(TM) Client VM (1.5.0_06-b05) for windows-x86, built on Nov 10 2005 11:12:14 by "java_re" with MS VC++ 6.0

